{"level":"info","message":"this is the responsetrue","timestamp":"2015-10-08T23:36:06.783Z"}
{"level":"info","message":"this is the response true","timestamp":"2015-10-08T23:36:29.091Z"}
{"level":"info","message":"this is the response true","timestamp":"2015-10-08T23:39:13.517Z"}
{"level":"info","message":"this is the response true","timestamp":"2015-10-09T02:55:22.491Z"}
{"level":"info","message":"this is the response true","timestamp":"2015-10-09T02:55:57.238Z"}
{"level":"info","message":"this is the response true","timestamp":"2015-10-09T03:13:22.831Z"}
{"level":"info","message":"this is the response true","timestamp":"2015-10-09T03:13:36.362Z"}
{"level":"info","message":"this is the response true","timestamp":"2015-10-09T03:14:10.744Z"}
{"level":"info","message":"this is the response true","timestamp":"2015-10-09T03:14:52.105Z"}
{"level":"info","message":"this is the response Hey Jonathan!This is what the weather man says: sky is clearwith a high of 294.15and a low of 289.15","timestamp":"2015-10-09T03:35:17.146Z"}
{"level":"info","message":"this is the response Hey Jonathan! This is what the weather man says: sky is clearwith a high of 294.15 and a low of 289.15","timestamp":"2015-10-09T03:37:00.092Z"}
{"level":"info","message":"this is the response Hey Jonathan! This is what the weather man says: sky is clear with a high of 294.15 and a low of 289.15","timestamp":"2015-10-09T03:37:48.422Z"}
{"level":"info","message":"this is the response Hey Jonathan! This is what the weather man says: sky is clear with a high of 294.15 and a low of 289.15","timestamp":"2015-10-09T03:38:07.289Z"}
{"level":"info","message":"this is the response Hey Jonathan! This is what the weather man says: sky is clear with a high of 294.15 and a low of 289.15","timestamp":"2015-10-09T03:38:24.127Z"}
{"level":"info","message":"this is the response Hey Jonathan! This is what the weather man says: sky is clear with a high of 294.15 and a low of 289.15","timestamp":"2015-10-09T03:39:37.372Z"}
{"level":"info","message":"this is the response Hey Jonathan! This is what the weather man says: sky is clear with a high of 69.8 and a low of 60.8","timestamp":"2015-10-09T03:39:47.975Z"}
{"level":"info","message":"this is the response with a high of 69.8 and a low of 60.8","timestamp":"2015-10-09T03:40:41.780Z"}
{"level":"info","message":"this is the response with a high of 69.8 and a low of 60.8","timestamp":"2015-10-09T03:40:54.034Z"}
{"level":"info","message":"this is the response Hey Jonathan! This is what the weather man says: sky is clear with a high of 69.8 and a low of 60.8","timestamp":"2015-10-09T03:41:06.580Z"}
{"level":"info","message":"this is the response Hey Jonathan! This is what the weather man says: sky is clear asdgwith a high of 69.8 and a low of 60.8","timestamp":"2015-10-09T03:41:18.479Z"}
{"level":"info","message":"this is the response Hey Jonathan! This is what the weather man says: sky is clear currently63.93with a high of 69.8 and a low of 60.8","timestamp":"2015-10-09T03:41:33.782Z"}
{"level":"info","message":"this is the response undefined","timestamp":"2015-10-09T03:45:28.105Z"}
{"level":"info","message":"this is the response undefined","timestamp":"2015-10-09T03:46:11.982Z"}
{"level":"info","message":"this is the response undefined","timestamp":"2015-10-09T03:47:03.091Z"}
{"level":"info","message":"this is the response undefined","timestamp":"2015-10-09T03:48:48.326Z"}
{"level":"info","message":"this is the response undefined","timestamp":"2015-10-10T20:58:06.224Z"}
